<?xml version="1.0" encoding="UTF-8"?>
<testng-results ignored="0" total="1" passed="1" failed="0" skipped="0">
  <reporter-output>
  </reporter-output>
  <suite started-at="2022-07-11T23:16:26 CST" name="TestSelenium.SimpleTest" finished-at="2022-07-11T23:16:30 CST" duration-ms="3853">
    <groups>
    </groups>
    <test started-at="2022-07-11T23:16:26 CST" name="Command line test" finished-at="2022-07-11T23:16:30 CST" duration-ms="3853">
      <class name="TestSelenium.SimpleTest">
        <test-method signature="setUp()[pri:0, instance:TestSelenium.SimpleTest@4fb0f2b9]" started-at="2022-07-11T23:16:26 CST" name="setUp" finished-at="2022-07-11T23:16:30 CST" duration-ms="3814" status="PASS">
          <reporter-output>
          </reporter-output>
        </test-method> <!-- setUp -->
      </class> <!-- TestSelenium.SimpleTest -->
    </test> <!-- Command line test -->
  </suite> <!-- TestSelenium.SimpleTest -->
</testng-results>
